AH00558: apache2: Could not reliably determine the server's fully qualified domain name, using 172.18.0.3. Set the 'ServerName' directive globally to suppress this message
[Mon Sep 02 11:09:36.766585 2024] [mpm_prefork:notice] [pid 1] AH00163: Apache/2.4.59 (Debian) PHP/7.4.33 configured -- resuming normal operations
[Mon Sep 02 11:09:36.769902 2024] [core:notice] [pid 1] AH00094: Command line: 'apache2 -D FOREGROUND'
[Mon Sep 02 11:44:37.636631 2024] [mpm_prefork:notice] [pid 1] AH00170: caught SIGWINCH, shutting down gracefully
AH00558: apache2: Could not reliably determine the server's fully qualified domain name, using 172.18.0.3. Set the 'ServerName' directive globally to suppress this message
[Mon Sep 02 11:46:57.738930 2024] [mpm_prefork:notice] [pid 1] AH00163: Apache/2.4.59 (Debian) PHP/7.4.33 configured -- resuming normal operations
[Mon Sep 02 11:46:57.739208 2024] [core:notice] [pid 1] AH00094: Command line: 'apache2 -D FOREGROUND'
[Mon Sep 02 11:55:49.244885 2024] [mpm_prefork:notice] [pid 1] AH00170: caught SIGWINCH, shutting down gracefully
AH00558: apache2: Could not reliably determine the server's fully qualified domain name, using 172.18.0.4. Set the 'ServerName' directive globally to suppress this message
[Mon Sep 02 11:56:15.689705 2024] [mpm_prefork:notice] [pid 1] AH00163: Apache/2.4.59 (Debian) PHP/7.4.33 configured -- resuming normal operations
[Mon Sep 02 11:56:15.689984 2024] [core:notice] [pid 1] AH00094: Command line: 'apache2 -D FOREGROUND'
[Mon Sep 02 12:15:38.296906 2024] [mpm_prefork:notice] [pid 1] AH00170: caught SIGWINCH, shutting down gracefully
AH00558: apache2: Could not reliably determine the server's fully qualified domain name, using 172.18.0.3. Set the 'ServerName' directive globally to suppress this message
[Mon Sep 02 12:16:23.067139 2024] [mpm_prefork:notice] [pid 1] AH00163: Apache/2.4.59 (Debian) PHP/7.4.33 configured -- resuming normal operations
[Mon Sep 02 12:16:23.069345 2024] [core:notice] [pid 1] AH00094: Command line: 'apache2 -D FOREGROUND'
[Mon Sep 02 12:19:08.305890 2024] [mpm_prefork:notice] [pid 1] AH00170: caught SIGWINCH, shutting down gracefully
AH00558: apache2: Could not reliably determine the server's fully qualified domain name, using 172.18.0.2. Set the 'ServerName' directive globally to suppress this message
[Tue Sep 03 05:18:27.719521 2024] [mpm_prefork:notice] [pid 1] AH00163: Apache/2.4.59 (Debian) PHP/7.4.33 configured -- resuming normal operations
[Tue Sep 03 05:18:27.729634 2024] [core:notice] [pid 1] AH00094: Command line: 'apache2 -D FOREGROUND'
[Tue Sep 03 05:21:08.415278 2024] [mpm_prefork:notice] [pid 1] AH00170: caught SIGWINCH, shutting down gracefully
AH00558: apache2: Could not reliably determine the server's fully qualified domain name, using 172.18.0.4. Set the 'ServerName' directive globally to suppress this message
[Tue Sep 03 05:34:33.135405 2024] [mpm_prefork:notice] [pid 1] AH00163: Apache/2.4.59 (Debian) PHP/7.4.33 configured -- resuming normal operations
[Tue Sep 03 05:34:33.139114 2024] [core:notice] [pid 1] AH00094: Command line: 'apache2 -D FOREGROUND'
[Tue Sep 03 05:36:00.503731 2024] [mpm_prefork:notice] [pid 1] AH00170: caught SIGWINCH, shutting down gracefully
AH00558: apache2: Could not reliably determine the server's fully qualified domain name, using 172.18.0.4. Set the 'ServerName' directive globally to suppress this message
[Tue Sep 03 05:37:39.202019 2024] [mpm_prefork:notice] [pid 1] AH00163: Apache/2.4.59 (Debian) PHP/7.4.33 configured -- resuming normal operations
[Tue Sep 03 05:37:39.203569 2024] [core:notice] [pid 1] AH00094: Command line: 'apache2 -D FOREGROUND'
[Tue Sep 03 06:04:57.434560 2024] [mpm_prefork:notice] [pid 1] AH00170: caught SIGWINCH, shutting down gracefully
AH00558: apache2: Could not reliably determine the server's fully qualified domain name, using 172.18.0.2. Set the 'ServerName' directive globally to suppress this message
[Tue Sep 03 06:05:49.009564 2024] [mpm_prefork:notice] [pid 1] AH00163: Apache/2.4.59 (Debian) PHP/7.4.33 configured -- resuming normal operations
[Tue Sep 03 06:05:49.010876 2024] [core:notice] [pid 1] AH00094: Command line: 'apache2 -D FOREGROUND'
[Tue Sep 03 06:11:26.930379 2024] [mpm_prefork:notice] [pid 1] AH00170: caught SIGWINCH, shutting down gracefully
AH00558: apache2: Could not reliably determine the server's fully qualified domain name, using 172.18.0.4. Set the 'ServerName' directive globally to suppress this message
[Tue Sep 03 06:14:09.862397 2024] [mpm_prefork:notice] [pid 1] AH00163: Apache/2.4.59 (Debian) PHP/7.4.33 configured -- resuming normal operations
[Tue Sep 03 06:14:09.862614 2024] [core:notice] [pid 1] AH00094: Command line: 'apache2 -D FOREGROUND'
[Tue Sep 03 06:27:45.809096 2024] [mpm_prefork:notice] [pid 1] AH00170: caught SIGWINCH, shutting down gracefully
AH00558: apache2: Could not reliably determine the server's fully qualified domain name, using 172.18.0.4. Set the 'ServerName' directive globally to suppress this message
[Tue Sep 03 06:27:59.330037 2024] [mpm_prefork:notice] [pid 1] AH00163: Apache/2.4.59 (Debian) PHP/7.4.33 configured -- resuming normal operations
[Tue Sep 03 06:27:59.330226 2024] [core:notice] [pid 1] AH00094: Command line: 'apache2 -D FOREGROUND'
[Tue Sep 03 06:47:21.763279 2024] [mpm_prefork:notice] [pid 1] AH00170: caught SIGWINCH, shutting down gracefully
AH00558: apache2: Could not reliably determine the server's fully qualified domain name, using 172.18.0.2. Set the 'ServerName' directive globally to suppress this message
[Tue Sep 03 06:49:36.651165 2024] [mpm_prefork:notice] [pid 1] AH00163: Apache/2.4.59 (Debian) PHP/7.4.33 configured -- resuming normal operations
[Tue Sep 03 06:49:36.653193 2024] [core:notice] [pid 1] AH00094: Command line: 'apache2 -D FOREGROUND'
[Tue Sep 03 07:05:30.016174 2024] [mpm_prefork:notice] [pid 1] AH00170: caught SIGWINCH, shutting down gracefully
AH00558: apache2: Could not reliably determine the server's fully qualified domain name, using 172.18.0.2. Set the 'ServerName' directive globally to suppress this message
[Tue Sep 03 07:25:37.071062 2024] [mpm_prefork:notice] [pid 1] AH00163: Apache/2.4.59 (Debian) PHP/7.4.33 configured -- resuming normal operations
[Tue Sep 03 07:25:37.073877 2024] [core:notice] [pid 1] AH00094: Command line: 'apache2 -D FOREGROUND'
[Tue Sep 03 07:26:08.952636 2024] [autoindex:error] [pid 17] [client 172.18.0.1:47502] AH01276: Cannot serve directory /var/www/html/: No matching DirectoryIndex (index.php,index.html) found, and server-generated directory index forbidden by Options directive
[Tue Sep 03 07:26:08.973172 2024] [autoindex:error] [pid 18] [client 172.18.0.1:47516] AH01276: Cannot serve directory /var/www/html/: No matching DirectoryIndex (index.php,index.html) found, and server-generated directory index forbidden by Options directive
[Tue Sep 03 07:26:37.057417 2024] [autoindex:error] [pid 20] [client 172.18.0.1:33544] AH01276: Cannot serve directory /var/www/html/: No matching DirectoryIndex (index.php,index.html) found, and server-generated directory index forbidden by Options directive
[Tue Sep 03 07:26:43.771009 2024] [autoindex:error] [pid 19] [client 172.18.0.1:43646] AH01276: Cannot serve directory /var/www/html/: No matching DirectoryIndex (index.php,index.html) found, and server-generated directory index forbidden by Options directive
[Tue Sep 03 07:26:45.387528 2024] [autoindex:error] [pid 21] [client 172.18.0.1:43710] AH01276: Cannot serve directory /var/www/html/: No matching DirectoryIndex (index.php,index.html) found, and server-generated directory index forbidden by Options directive
[Tue Sep 03 07:27:36.835734 2024] [mpm_prefork:notice] [pid 1] AH00170: caught SIGWINCH, shutting down gracefully
AH00558: apache2: Could not reliably determine the server's fully qualified domain name, using 172.18.0.3. Set the 'ServerName' directive globally to suppress this message
[Tue Sep 03 07:28:09.487661 2024] [mpm_prefork:notice] [pid 1] AH00163: Apache/2.4.59 (Debian) PHP/7.4.33 configured -- resuming normal operations
[Tue Sep 03 07:28:09.487781 2024] [core:notice] [pid 1] AH00094: Command line: 'apache2 -D FOREGROUND'
[Tue Sep 03 07:28:19.399539 2024] [autoindex:error] [pid 17] [client 172.18.0.1:54464] AH01276: Cannot serve directory /var/www/html/: No matching DirectoryIndex (index.php,index.html) found, and server-generated directory index forbidden by Options directive
[Tue Sep 03 07:28:26.263932 2024] [autoindex:error] [pid 18] [client 172.18.0.1:54596] AH01276: Cannot serve directory /var/www/html/: No matching DirectoryIndex (index.php,index.html) found, and server-generated directory index forbidden by Options directive
[Tue Sep 03 07:29:35.654717 2024] [mpm_prefork:notice] [pid 1] AH00170: caught SIGWINCH, shutting down gracefully
